[2021/10/29 11:55:38] root INFO: out_0: 
[2021/10/29 11:55:38] root INFO: 	mean diff: check passed: True, value: 6.820224029979727e-07
[2021/10/29 11:55:38] root INFO: out_1: 
[2021/10/29 11:55:38] root INFO: 	mean diff: check passed: True, value: 6.666593321824621e-07
[2021/10/29 11:55:38] root INFO: out_2: 
[2021/10/29 11:55:38] root INFO: 	mean diff: check passed: True, value: 6.782878472222365e-07
[2021/10/29 11:55:38] root INFO: out_3: 
[2021/10/29 11:55:38] root INFO: 	mean diff: check passed: False, value: 3.5596829548012465e-05
[2021/10/29 11:55:38] root INFO: out_4: 
[2021/10/29 11:55:38] root INFO: 	mean diff: check passed: False, value: 0.00020839011995121837
[2021/10/29 11:55:38] root INFO: out_5: 
[2021/10/29 11:55:38] root INFO: 	mean diff: check passed: False, value: 0.0008325716480612755
[2021/10/29 11:55:38] root INFO: out_6: 
[2021/10/29 11:55:38] root INFO: 	mean diff: check passed: False, value: 0.013793113641440868
[2021/10/29 11:55:38] root INFO: out_7: 
[2021/10/29 11:55:38] root INFO: 	mean diff: check passed: False, value: 0.11271702498197556
[2021/10/29 11:55:38] root INFO: out_8: 
[2021/10/29 11:55:38] root INFO: 	mean diff: check passed: False, value: 0.22792688012123108
[2021/10/29 11:55:38] root INFO: out_9: 
[2021/10/29 11:55:38] root INFO: 	mean diff: check passed: False, value: 0.5547187328338623
[2021/10/29 11:55:38] root INFO: out_10: 
[2021/10/29 11:55:38] root INFO: 	mean diff: check passed: False, value: 0.6557689309120178
[2021/10/29 11:55:38] root INFO: out_11: 
[2021/10/29 11:55:38] root INFO: 	mean diff: check passed: False, value: 0.7874135971069336
[2021/10/29 11:55:38] root INFO: out_12: 
[2021/10/29 11:55:38] root INFO: 	mean diff: check passed: False, value: 0.716032087802887
[2021/10/29 11:55:38] root INFO: out_13: 
[2021/10/29 11:55:38] root INFO: 	mean diff: check passed: False, value: 1.1524397134780884
[2021/10/29 11:55:38] root INFO: out_14: 
[2021/10/29 11:55:38] root INFO: 	mean diff: check passed: False, value: 1.3172980546951294
[2021/10/29 11:55:38] root INFO: out_15: 
[2021/10/29 11:55:38] root INFO: 	mean diff: check passed: False, value: 1.9547617435455322
[2021/10/29 11:55:38] root INFO: out_16: 
[2021/10/29 11:55:38] root INFO: 	mean diff: check passed: False, value: 1.800438404083252
[2021/10/29 11:55:38] root INFO: out_17: 
[2021/10/29 11:55:38] root INFO: 	mean diff: check passed: False, value: 1.8737865686416626
[2021/10/29 11:55:38] root INFO: out_18: 
[2021/10/29 11:55:38] root INFO: 	mean diff: check passed: False, value: 2.1069724559783936
[2021/10/29 11:55:38] root INFO: out_19: 
[2021/10/29 11:55:38] root INFO: 	mean diff: check passed: False, value: 2.0497124195098877
[2021/10/29 11:55:38] root INFO: out_20: 
[2021/10/29 11:55:38] root INFO: 	mean diff: check passed: False, value: 2.8224329948425293
[2021/10/29 11:55:38] root INFO: out_21: 
[2021/10/29 11:55:38] root INFO: 	mean diff: check passed: False, value: 3.108149528503418
[2021/10/29 11:55:38] root INFO: out_22: 
[2021/10/29 11:55:38] root INFO: 	mean diff: check passed: False, value: 2.648861885070801
[2021/10/29 11:55:38] root INFO: out_23: 
[2021/10/29 11:55:38] root INFO: 	mean diff: check passed: False, value: 2.6456074714660645
[2021/10/29 11:55:38] root INFO: out_24: 
[2021/10/29 11:55:38] root INFO: 	mean diff: check passed: False, value: 2.9738593101501465
[2021/10/29 11:55:38] root INFO: out_25: 
[2021/10/29 11:55:38] root INFO: 	mean diff: check passed: False, value: 3.218745708465576
[2021/10/29 11:55:38] root INFO: out_26: 
[2021/10/29 11:55:38] root INFO: 	mean diff: check passed: False, value: 3.015289068222046
[2021/10/29 11:55:38] root INFO: out_27: 
[2021/10/29 11:55:38] root INFO: 	mean diff: check passed: False, value: 3.904787540435791
[2021/10/29 11:55:38] root INFO: out_28: 
[2021/10/29 11:55:38] root INFO: 	mean diff: check passed: False, value: 4.086122989654541
[2021/10/29 11:55:38] root INFO: out_29: 
[2021/10/29 11:55:38] root INFO: 	mean diff: check passed: False, value: 4.5097832679748535
[2021/10/29 11:55:38] root INFO: out_30: 
[2021/10/29 11:55:38] root INFO: 	mean diff: check passed: False, value: 3.836336374282837
[2021/10/29 11:55:38] root INFO: out_31: 
[2021/10/29 11:55:38] root INFO: 	mean diff: check passed: False, value: 4.78341007232666
[2021/10/29 11:55:38] root INFO: out_32: 
[2021/10/29 11:55:38] root INFO: 	mean diff: check passed: False, value: 3.7636232376098633
[2021/10/29 11:55:38] root INFO: out_33: 
[2021/10/29 11:55:38] root INFO: 	mean diff: check passed: False, value: 4.778144359588623
[2021/10/29 11:55:38] root INFO: out_34: 
[2021/10/29 11:55:38] root INFO: 	mean diff: check passed: False, value: 4.927493095397949
[2021/10/29 11:55:38] root INFO: out_35: 
[2021/10/29 11:55:38] root INFO: 	mean diff: check passed: False, value: 4.107827663421631
[2021/10/29 11:55:38] root INFO: out_36: 
[2021/10/29 11:55:38] root INFO: 	mean diff: check passed: False, value: 4.635387897491455
[2021/10/29 11:55:38] root INFO: out_37: 
[2021/10/29 11:55:38] root INFO: 	mean diff: check passed: False, value: 5.404896259307861
[2021/10/29 11:55:38] root INFO: out_38: 
[2021/10/29 11:55:38] root INFO: 	mean diff: check passed: False, value: 4.180418491363525
[2021/10/29 11:55:38] root INFO: out_39: 
[2021/10/29 11:55:38] root INFO: 	mean diff: check passed: False, value: 4.734282970428467
[2021/10/29 11:55:38] root INFO: out_40: 
[2021/10/29 11:55:38] root INFO: 	mean diff: check passed: False, value: 4.661820411682129
[2021/10/29 11:55:38] root INFO: out_41: 
[2021/10/29 11:55:38] root INFO: 	mean diff: check passed: False, value: 5.520340919494629
[2021/10/29 11:55:38] root INFO: out_42: 
[2021/10/29 11:55:38] root INFO: 	mean diff: check passed: False, value: 5.360280990600586
[2021/10/29 11:55:38] root INFO: out_43: 
[2021/10/29 11:55:38] root INFO: 	mean diff: check passed: False, value: 5.690784454345703
[2021/10/29 11:55:38] root INFO: out_44: 
[2021/10/29 11:55:38] root INFO: 	mean diff: check passed: False, value: 4.897768497467041
[2021/10/29 11:55:38] root INFO: out_45: 
[2021/10/29 11:55:38] root INFO: 	mean diff: check passed: False, value: 6.567383766174316
[2021/10/29 11:55:38] root INFO: out_46: 
[2021/10/29 11:55:38] root INFO: 	mean diff: check passed: False, value: 5.779646396636963
[2021/10/29 11:55:38] root INFO: out_47: 
[2021/10/29 11:55:38] root INFO: 	mean diff: check passed: False, value: 6.722938537597656
[2021/10/29 11:55:38] root INFO: out_48: 
[2021/10/29 11:55:38] root INFO: 	mean diff: check passed: False, value: 6.554157257080078
[2021/10/29 11:55:38] root INFO: out_49: 
[2021/10/29 11:55:38] root INFO: 	mean diff: check passed: False, value: 7.024653434753418
[2021/10/29 11:55:38] root INFO: out_50: 
[2021/10/29 11:55:38] root INFO: 	mean diff: check passed: False, value: 6.310264587402344
[2021/10/29 11:55:38] root INFO: out_51: 
[2021/10/29 11:55:38] root INFO: 	mean diff: check passed: False, value: 7.3670334815979
[2021/10/29 11:55:38] root INFO: out_52: 
[2021/10/29 11:55:38] root INFO: 	mean diff: check passed: False, value: 5.307537078857422
[2021/10/29 11:55:38] root INFO: out_53: 
[2021/10/29 11:55:38] root INFO: 	mean diff: check passed: False, value: 8.024242401123047
[2021/10/29 11:55:38] root INFO: out_54: 
[2021/10/29 11:55:38] root INFO: 	mean diff: check passed: False, value: 6.389596462249756
[2021/10/29 11:55:38] root INFO: out_55: 
[2021/10/29 11:55:38] root INFO: 	mean diff: check passed: False, value: 6.428155899047852
[2021/10/29 11:55:38] root INFO: out_56: 
[2021/10/29 11:55:38] root INFO: 	mean diff: check passed: False, value: 6.09250020980835
[2021/10/29 11:55:38] root INFO: out_57: 
[2021/10/29 11:55:38] root INFO: 	mean diff: check passed: False, value: 5.150696277618408
[2021/10/29 11:55:38] root INFO: out_58: 
[2021/10/29 11:55:38] root INFO: 	mean diff: check passed: False, value: 7.029635429382324
[2021/10/29 11:55:38] root INFO: out_59: 
[2021/10/29 11:55:38] root INFO: 	mean diff: check passed: False, value: 5.144001483917236
[2021/10/29 11:55:38] root INFO: out_60: 
[2021/10/29 11:55:38] root INFO: 	mean diff: check passed: False, value: 8.846199035644531
[2021/10/29 11:55:38] root INFO: out_61: 
[2021/10/29 11:55:38] root INFO: 	mean diff: check passed: False, value: 7.066742420196533
[2021/10/29 11:55:38] root INFO: out_62: 
[2021/10/29 11:55:38] root INFO: 	mean diff: check passed: False, value: 7.9706807136535645
[2021/10/29 11:55:38] root INFO: out_63: 
[2021/10/29 11:55:38] root INFO: 	mean diff: check passed: False, value: 6.292374134063721
[2021/10/29 11:55:38] root INFO: out_64: 
[2021/10/29 11:55:38] root INFO: 	mean diff: check passed: False, value: 6.640820503234863
[2021/10/29 11:55:38] root INFO: out_65: 
[2021/10/29 11:55:38] root INFO: 	mean diff: check passed: False, value: 7.078733921051025
[2021/10/29 11:55:38] root INFO: out_66: 
[2021/10/29 11:55:38] root INFO: 	mean diff: check passed: False, value: 7.908586025238037
[2021/10/29 11:55:38] root INFO: out_67: 
[2021/10/29 11:55:38] root INFO: 	mean diff: check passed: False, value: 6.892178058624268
[2021/10/29 11:55:38] root INFO: out_68: 
[2021/10/29 11:55:38] root INFO: 	mean diff: check passed: False, value: 7.688807964324951
[2021/10/29 11:55:38] root INFO: out_69: 
[2021/10/29 11:55:38] root INFO: 	mean diff: check passed: False, value: 5.629570484161377
[2021/10/29 11:55:38] root INFO: out_70: 
[2021/10/29 11:55:38] root INFO: 	mean diff: check passed: False, value: 8.158127784729004
[2021/10/29 11:55:38] root INFO: out_71: 
[2021/10/29 11:55:38] root INFO: 	mean diff: check passed: False, value: 6.3181610107421875
[2021/10/29 11:55:38] root INFO: out_72: 
[2021/10/29 11:55:38] root INFO: 	mean diff: check passed: False, value: 8.118183135986328
[2021/10/29 11:55:38] root INFO: out_73: 
[2021/10/29 11:55:38] root INFO: 	mean diff: check passed: False, value: 6.793975353240967
[2021/10/29 11:55:38] root INFO: out_74: 
[2021/10/29 11:55:38] root INFO: 	mean diff: check passed: False, value: 8.16238784790039
[2021/10/29 11:55:38] root INFO: out_75: 
[2021/10/29 11:55:38] root INFO: 	mean diff: check passed: False, value: 6.629118919372559
[2021/10/29 11:55:38] root INFO: out_76: 
[2021/10/29 11:55:38] root INFO: 	mean diff: check passed: False, value: 7.798676490783691
[2021/10/29 11:55:38] root INFO: out_77: 
[2021/10/29 11:55:38] root INFO: 	mean diff: check passed: False, value: 6.891931056976318
[2021/10/29 11:55:38] root INFO: out_78: 
[2021/10/29 11:55:38] root INFO: 	mean diff: check passed: False, value: 7.597691535949707
[2021/10/29 11:55:38] root INFO: out_79: 
[2021/10/29 11:55:38] root INFO: 	mean diff: check passed: False, value: 7.784680366516113
[2021/10/29 11:55:38] root INFO: out_80: 
[2021/10/29 11:55:38] root INFO: 	mean diff: check passed: False, value: 7.586637020111084
[2021/10/29 11:55:38] root INFO: out_81: 
[2021/10/29 11:55:38] root INFO: 	mean diff: check passed: False, value: 7.928525447845459
[2021/10/29 11:55:38] root INFO: out_82: 
[2021/10/29 11:55:38] root INFO: 	mean diff: check passed: False, value: 7.44843053817749
[2021/10/29 11:55:38] root INFO: out_83: 
[2021/10/29 11:55:38] root INFO: 	mean diff: check passed: False, value: 8.905057907104492
[2021/10/29 11:55:38] root INFO: out_84: 
[2021/10/29 11:55:38] root INFO: 	mean diff: check passed: False, value: 8.209890365600586
[2021/10/29 11:55:38] root INFO: out_85: 
[2021/10/29 11:55:38] root INFO: 	mean diff: check passed: False, value: 8.846662521362305
[2021/10/29 11:55:38] root INFO: out_86: 
[2021/10/29 11:55:38] root INFO: 	mean diff: check passed: False, value: 8.002925872802734
[2021/10/29 11:55:38] root INFO: out_87: 
[2021/10/29 11:55:38] root INFO: 	mean diff: check passed: False, value: 8.085061073303223
[2021/10/29 11:55:38] root INFO: out_88: 
[2021/10/29 11:55:38] root INFO: 	mean diff: check passed: False, value: 7.587873458862305
[2021/10/29 11:55:38] root INFO: out_89: 
[2021/10/29 11:55:38] root INFO: 	mean diff: check passed: False, value: 8.70728874206543
[2021/10/29 11:55:38] root INFO: out_90: 
[2021/10/29 11:55:38] root INFO: 	mean diff: check passed: False, value: 8.544384002685547
[2021/10/29 11:55:38] root INFO: out_91: 
[2021/10/29 11:55:38] root INFO: 	mean diff: check passed: False, value: 8.236730575561523
[2021/10/29 11:55:38] root INFO: out_92: 
[2021/10/29 11:55:38] root INFO: 	mean diff: check passed: False, value: 8.48556137084961
[2021/10/29 11:55:38] root INFO: out_93: 
[2021/10/29 11:55:38] root INFO: 	mean diff: check passed: False, value: 7.297715663909912
[2021/10/29 11:55:38] root INFO: out_94: 
[2021/10/29 11:55:38] root INFO: 	mean diff: check passed: False, value: 8.384038925170898
[2021/10/29 11:55:38] root INFO: out_95: 
[2021/10/29 11:55:38] root INFO: 	mean diff: check passed: False, value: 7.504889965057373
[2021/10/29 11:55:38] root INFO: out_96: 
[2021/10/29 11:55:38] root INFO: 	mean diff: check passed: False, value: 7.382750988006592
[2021/10/29 11:55:38] root INFO: out_97: 
[2021/10/29 11:55:38] root INFO: 	mean diff: check passed: False, value: 7.150160312652588
[2021/10/29 11:55:38] root INFO: out_98: 
[2021/10/29 11:55:38] root INFO: 	mean diff: check passed: False, value: 6.339795112609863
[2021/10/29 11:55:38] root INFO: out_99: 
[2021/10/29 11:55:38] root INFO: 	mean diff: check passed: False, value: 7.877172946929932
[2021/10/29 11:55:38] root INFO: out_100: 
[2021/10/29 11:55:38] root INFO: 	mean diff: check passed: False, value: 7.6003923416137695
[2021/10/29 11:55:38] root INFO: out_101: 
[2021/10/29 11:55:38] root INFO: 	mean diff: check passed: False, value: 7.464266777038574
[2021/10/29 11:55:38] root INFO: out_102: 
[2021/10/29 11:55:38] root INFO: 	mean diff: check passed: False, value: 6.848379611968994
[2021/10/29 11:55:38] root INFO: out_103: 
[2021/10/29 11:55:38] root INFO: 	mean diff: check passed: False, value: 6.714132308959961
[2021/10/29 11:55:38] root INFO: out_104: 
[2021/10/29 11:55:38] root INFO: 	mean diff: check passed: False, value: 7.512449741363525
[2021/10/29 11:55:38] root INFO: out_105: 
[2021/10/29 11:55:38] root INFO: 	mean diff: check passed: False, value: 7.236266613006592
[2021/10/29 11:55:38] root INFO: out_106: 
[2021/10/29 11:55:38] root INFO: 	mean diff: check passed: False, value: 7.833130359649658
[2021/10/29 11:55:38] root INFO: out_107: 
[2021/10/29 11:55:38] root INFO: 	mean diff: check passed: False, value: 8.236128807067871
[2021/10/29 11:55:38] root INFO: out_108: 
[2021/10/29 11:55:38] root INFO: 	mean diff: check passed: False, value: 8.475232124328613
[2021/10/29 11:55:38] root INFO: out_109: 
[2021/10/29 11:55:38] root INFO: 	mean diff: check passed: False, value: 7.097115993499756
[2021/10/29 11:55:38] root INFO: out_110: 
[2021/10/29 11:55:38] root INFO: 	mean diff: check passed: False, value: 8.425962448120117
[2021/10/29 11:55:38] root INFO: out_111: 
[2021/10/29 11:55:38] root INFO: 	mean diff: check passed: False, value: 7.058539867401123
[2021/10/29 11:55:38] root INFO: out_112: 
[2021/10/29 11:55:38] root INFO: 	mean diff: check passed: False, value: 8.62580680847168
[2021/10/29 11:55:38] root INFO: out_113: 
[2021/10/29 11:55:38] root INFO: 	mean diff: check passed: False, value: 8.105527877807617
[2021/10/29 11:55:38] root INFO: out_114: 
[2021/10/29 11:55:38] root INFO: 	mean diff: check passed: False, value: 7.864532947540283
[2021/10/29 11:55:38] root INFO: out_115: 
[2021/10/29 11:55:38] root INFO: 	mean diff: check passed: False, value: 8.953017234802246
[2021/10/29 11:55:38] root INFO: out_116: 
[2021/10/29 11:55:38] root INFO: 	mean diff: check passed: False, value: 8.9096040725708
[2021/10/29 11:55:38] root INFO: out_117: 
[2021/10/29 11:55:38] root INFO: 	mean diff: check passed: False, value: 9.956886291503906
[2021/10/29 11:55:38] root INFO: out_118: 
[2021/10/29 11:55:38] root INFO: 	mean diff: check passed: False, value: 10.234964370727539
[2021/10/29 11:55:38] root INFO: out_119: 
[2021/10/29 11:55:38] root INFO: 	mean diff: check passed: False, value: 9.278592109680176
[2021/10/29 11:55:38] root INFO: out_120: 
[2021/10/29 11:55:38] root INFO: 	mean diff: check passed: False, value: 8.508936882019043
[2021/10/29 11:55:38] root INFO: out_121: 
[2021/10/29 11:55:38] root INFO: 	mean diff: check passed: False, value: 9.685126304626465
[2021/10/29 11:55:38] root INFO: out_122: 
[2021/10/29 11:55:38] root INFO: 	mean diff: check passed: False, value: 8.285526275634766
[2021/10/29 11:55:38] root INFO: out_123: 
[2021/10/29 11:55:38] root INFO: 	mean diff: check passed: False, value: 9.15646743774414
[2021/10/29 11:55:38] root INFO: out_124: 
[2021/10/29 11:55:38] root INFO: 	mean diff: check passed: False, value: 8.454265594482422
[2021/10/29 11:55:38] root INFO: out_125: 
[2021/10/29 11:55:38] root INFO: 	mean diff: check passed: False, value: 10.52436351776123
[2021/10/29 11:55:38] root INFO: out_126: 
[2021/10/29 11:55:38] root INFO: 	mean diff: check passed: False, value: 9.110974311828613
[2021/10/29 11:55:38] root INFO: out_127: 
[2021/10/29 11:55:38] root INFO: 	mean diff: check passed: False, value: 10.828042030334473
[2021/10/29 11:55:38] root INFO: out_128: 
[2021/10/29 11:55:38] root INFO: 	mean diff: check passed: False, value: 8.51219367980957
[2021/10/29 11:55:38] root INFO: out_129: 
[2021/10/29 11:55:38] root INFO: 	mean diff: check passed: False, value: 10.023050308227539
[2021/10/29 11:55:38] root INFO: out_130: 
[2021/10/29 11:55:38] root INFO: 	mean diff: check passed: False, value: 9.350418090820312
[2021/10/29 11:55:38] root INFO: out_131: 
[2021/10/29 11:55:38] root INFO: 	mean diff: check passed: False, value: 8.17335033416748
[2021/10/29 11:55:38] root INFO: out_132: 
[2021/10/29 11:55:38] root INFO: 	mean diff: check passed: False, value: 9.150296211242676
[2021/10/29 11:55:38] root INFO: out_133: 
[2021/10/29 11:55:38] root INFO: 	mean diff: check passed: False, value: 8.535758018493652
[2021/10/29 11:55:38] root INFO: out_134: 
[2021/10/29 11:55:38] root INFO: 	mean diff: check passed: False, value: 8.072664260864258
[2021/10/29 11:55:38] root INFO: out_135: 
[2021/10/29 11:55:38] root INFO: 	mean diff: check passed: False, value: 9.931148529052734
[2021/10/29 11:55:38] root INFO: out_136: 
[2021/10/29 11:55:38] root INFO: 	mean diff: check passed: False, value: 8.084205627441406
[2021/10/29 11:55:38] root INFO: out_137: 
[2021/10/29 11:55:38] root INFO: 	mean diff: check passed: False, value: 10.054717063903809
[2021/10/29 11:55:38] root INFO: out_138: 
[2021/10/29 11:55:38] root INFO: 	mean diff: check passed: False, value: 8.705223083496094
[2021/10/29 11:55:38] root INFO: out_139: 
[2021/10/29 11:55:38] root INFO: 	mean diff: check passed: False, value: 10.374591827392578
[2021/10/29 11:55:38] root INFO: out_140: 
[2021/10/29 11:55:38] root INFO: 	mean diff: check passed: False, value: 9.290308952331543
[2021/10/29 11:55:38] root INFO: out_141: 
[2021/10/29 11:55:38] root INFO: 	mean diff: check passed: False, value: 10.087894439697266
[2021/10/29 11:55:38] root INFO: out_142: 
[2021/10/29 11:55:38] root INFO: 	mean diff: check passed: False, value: 8.615497589111328
[2021/10/29 11:55:38] root INFO: out_143: 
[2021/10/29 11:55:38] root INFO: 	mean diff: check passed: False, value: 10.863231658935547
[2021/10/29 11:55:38] root INFO: out_144: 
[2021/10/29 11:55:38] root INFO: 	mean diff: check passed: False, value: 8.3297700881958
[2021/10/29 11:55:38] root INFO: out_145: 
[2021/10/29 11:55:38] root INFO: 	mean diff: check passed: False, value: 10.161991119384766
[2021/10/29 11:55:38] root INFO: out_146: 
[2021/10/29 11:55:38] root INFO: 	mean diff: check passed: False, value: 8.888679504394531
[2021/10/29 11:55:38] root INFO: out_147: 
[2021/10/29 11:55:38] root INFO: 	mean diff: check passed: False, value: 10.611980438232422
[2021/10/29 11:55:38] root INFO: out_148: 
[2021/10/29 11:55:38] root INFO: 	mean diff: check passed: False, value: 8.528657913208008
[2021/10/29 11:55:38] root INFO: out_149: 
[2021/10/29 11:55:38] root INFO: 	mean diff: check passed: False, value: 10.224153518676758
[2021/10/29 11:55:38] root INFO: out_150: 
[2021/10/29 11:55:38] root INFO: 	mean diff: check passed: False, value: 9.059947967529297
[2021/10/29 11:55:38] root INFO: out_151: 
[2021/10/29 11:55:38] root INFO: 	mean diff: check passed: False, value: 9.695562362670898
[2021/10/29 11:55:38] root INFO: out_152: 
[2021/10/29 11:55:38] root INFO: 	mean diff: check passed: False, value: 8.348113059997559
[2021/10/29 11:55:38] root INFO: out_153: 
[2021/10/29 11:55:38] root INFO: 	mean diff: check passed: False, value: 11.464032173156738
[2021/10/29 11:55:38] root INFO: out_154: 
[2021/10/29 11:55:38] root INFO: 	mean diff: check passed: False, value: 10.314790725708008
[2021/10/29 11:55:38] root INFO: out_155: 
[2021/10/29 11:55:38] root INFO: 	mean diff: check passed: False, value: 10.798894882202148
[2021/10/29 11:55:38] root INFO: out_156: 
[2021/10/29 11:55:38] root INFO: 	mean diff: check passed: False, value: 9.179142951965332
[2021/10/29 11:55:38] root INFO: out_157: 
[2021/10/29 11:55:38] root INFO: 	mean diff: check passed: False, value: 9.756341934204102
[2021/10/29 11:55:38] root INFO: out_158: 
[2021/10/29 11:55:38] root INFO: 	mean diff: check passed: False, value: 9.04593563079834
[2021/10/29 11:55:38] root INFO: diff check failed
